0 info it worked if it ends with ok
1 verbose cli [ '/usr/local/Cellar/node/6.5.0/bin/node',
1 verbose cli   '/usr/local/bin/npm',
1 verbose cli   'run',
1 verbose cli   'lint' ]
2 info using npm@4.0.0
3 info using node@v6.5.0
4 verbose run-script [ 'prelint', 'lint', 'postlint' ]
5 info lifecycle highlight-text@1.0.0~prelint: highlight-text@1.0.0
6 warn lifecycle The node binary used for scripts is /usr/local/bin/node but npm is using /usr/local/Cellar/node/6.5.0/bin/node itself. Use the `--scripts-prepend-node-path` option to include the path for the node binary npm was executed with.
7 silly lifecycle highlight-text@1.0.0~prelint: no script for prelint, continuing
8 info lifecycle highlight-text@1.0.0~lint: highlight-text@1.0.0
9 verbose lifecycle highlight-text@1.0.0~lint: unsafe-perm in lifecycle true
10 verbose lifecycle highlight-text@1.0.0~lint: PATH: /usr/local/lib/node_modules/npm/bin/node-gyp-bin:/Users/brianmcallister/Projects/highlight-text/node_modules/.bin:/Users/brianmcallister/.rbenv/shims:/usr/local/bin:/usr/local/Cellar/ruby/2.3.2/bin:/usr/local/sbin:/usr/local/bin:/usr/local/bin:/usr/bin:/bin:/usr/sbin:/sbin
11 verbose lifecycle highlight-text@1.0.0~lint: CWD: /Users/brianmcallister/Projects/highlight-text
12 silly lifecycle highlight-text@1.0.0~lint: Args: [ '-c',
12 silly lifecycle   'eslint --ignore-path .gitignore --ext .jsx --ext .js src' ]
13 silly lifecycle highlight-text@1.0.0~lint: Returned: code: 1  signal: null
14 info lifecycle highlight-text@1.0.0~lint: Failed to exec lint script
15 verbose stack Error: highlight-text@1.0.0 lint: `eslint --ignore-path .gitignore --ext .jsx --ext .js src`
15 verbose stack Exit status 1
15 verbose stack     at EventEmitter.<anonymous> (/usr/local/lib/node_modules/npm/lib/utils/lifecycle.js:277:16)
15 verbose stack     at emitTwo (events.js:106:13)
15 verbose stack     at EventEmitter.emit (events.js:191:7)
15 verbose stack     at ChildProcess.<anonymous> (/usr/local/lib/node_modules/npm/lib/utils/spawn.js:40:14)
15 verbose stack     at emitTwo (events.js:106:13)
15 verbose stack     at ChildProcess.emit (events.js:191:7)
15 verbose stack     at maybeClose (internal/child_process.js:877:16)
15 verbose stack     at Process.ChildProcess._handle.onexit (internal/child_process.js:226:5)
16 verbose pkgid highlight-text@1.0.0
17 verbose cwd /Users/brianmcallister/Projects/highlight-text
18 error Darwin 16.1.0
19 error argv "/usr/local/Cellar/node/6.5.0/bin/node" "/usr/local/bin/npm" "run" "lint"
20 error node v6.5.0
21 error npm  v4.0.0
22 error code ELIFECYCLE
23 error highlight-text@1.0.0 lint: `eslint --ignore-path .gitignore --ext .jsx --ext .js src`
23 error Exit status 1
24 error Failed at the highlight-text@1.0.0 lint script 'eslint --ignore-path .gitignore --ext .jsx --ext .js src'.
24 error Make sure you have the latest version of node.js and npm installed.
24 error If you do, this is most likely a problem with the highlight-text package,
24 error not with npm itself.
24 error Tell the author that this fails on your system:
24 error     eslint --ignore-path .gitignore --ext .jsx --ext .js src
24 error You can get information on how to open an issue for this project with:
24 error     npm bugs highlight-text
24 error Or if that isn't available, you can get their info via:
24 error     npm owner ls highlight-text
24 error There is likely additional logging output above.
25 verbose exit [ 1, true ]
